[debug] [2023-08-22T13:33:11.692Z] ----------------------------------------------------------------------
[debug] [2023-08-22T13:33:11.693Z] Command:       C:\Program Files\nodejs\node.exe C:\Users\Darawan Omar\AppData\Roaming\npm\node_modules\firebase-tools\lib\bin\firebase.js login
[debug] [2023-08-22T13:33:11.694Z] CLI Version:   12.4.8
[debug] [2023-08-22T13:33:11.694Z] Platform:      win32
[debug] [2023-08-22T13:33:11.694Z] Node Version:  v18.17.0
[debug] [2023-08-22T13:33:11.695Z] Time:          Tue Aug 22 2023 16:33:11 GMT+0300 (Arabian Standard Time)
[debug] [2023-08-22T13:33:11.695Z] ----------------------------------------------------------------------
[debug] 
[debug] [2023-08-22T13:33:11.698Z] >>> [apiv2][query] GET https://firebase-public.firebaseio.com/cli.json [none]
[info] i  Firebase optionally collects CLI and Emulator Suite usage and error reporting information to help improve our products. Data is collected in accordance with Google's privacy policy (https://policies.google.com/privacy) and is not used to identify you.
 
[debug] [2023-08-22T13:33:12.505Z] <<< [apiv2][status] GET https://firebase-public.firebaseio.com/cli.json 200
[debug] [2023-08-22T13:33:12.505Z] <<< [apiv2][body] GET https://firebase-public.firebaseio.com/cli.json {"cloudBuildErrorAfter":1594252800000,"cloudBuildWarnAfter":1590019200000,"defaultNode10After":1594252800000,"minVersion":"3.0.5","node8DeploysDisabledAfter":1613390400000,"node8RuntimeDisabledAfter":1615809600000,"node8WarnAfter":1600128000000}
[debug] [2023-08-22T13:35:15.132Z] ----------------------------------------------------------------------
[debug] [2023-08-22T13:35:15.135Z] Command:       C:\Program Files\nodejs\node.exe C:\Users\Darawan Omar\AppData\Roaming\npm\node_modules\firebase-tools\lib\bin\firebase.js login
[debug] [2023-08-22T13:35:15.135Z] CLI Version:   12.4.8
[debug] [2023-08-22T13:35:15.135Z] Platform:      win32
[debug] [2023-08-22T13:35:15.136Z] Node Version:  v18.17.0
[debug] [2023-08-22T13:35:15.136Z] Time:          Tue Aug 22 2023 16:35:15 GMT+0300 (Arabian Standard Time)
[debug] [2023-08-22T13:35:15.136Z] ----------------------------------------------------------------------
[debug] 
[info] i  Firebase optionally collects CLI and Emulator Suite usage and error reporting information to help improve our products. Data is collected in accordance with Google's privacy policy (https://policies.google.com/privacy) and is not used to identify you.
 
